# JRE version: Java(TM) SE Runtime Environment (8.0_91-b14) (build 1.8.0_91-b14)
# Java VM: Java HotSpot(TM) Server VM (25.91-b14 mixed mode linux-x86 )
Heap:
 PSYoungGen      total 107520K, used 5332K [0x97000000, 0x9e200000, 0xa7000000)
  eden space 98304K, 0% used [0x97000000,0x97000000,0x9d000000)
  from space 9216K, 57% used [0x9d000000,0x9d5351b0,0x9d900000)
  to   space 8704K, 0% used [0x9d980000,0x9d980000,0x9e200000)
 ParOldGen       total 32768K, used 15853K [0x77000000, 0x79000000, 0x97000000)
  object space 32768K, 48% used [0x77000000,0x77f7b518,0x79000000)
 Metaspace       used 16208K, capacity 16384K, committed 16384K, reserved 16688K
GC Heap History (10 events):
Event: 1.540 GC heap after
Heap after GC invocations=2 (full 0):
 PSYoungGen      total 26624K, used 2040K [0x97000000, 0x98c00000, 0xa7000000)
  eden space 24576K, 0% used [0x97000000,0x97000000,0x98800000)
  from space 2048K, 99% used [0x98a00000,0x98bfe3a0,0x98c00000)
  to   space 2048K, 0% used [0x98800000,0x98800000,0x98a00000)
 ParOldGen       total 32768K, used 486K [0x77000000, 0x79000000, 0x97000000)
  object space 32768K, 1% used [0x77000000,0x77079890,0x79000000)
 Metaspace       used 4879K, capacity 4907K, committed 5016K, reserved 5424K
}
Event: 3.802 GC heap before
{Heap before GC invocations=3 (full 0):
 PSYoungGen      total 26624K, used 26616K [0x97000000, 0x98c00000, 0xa7000000)
  eden space 24576K, 100% used [0x97000000,0x98800000,0x98800000)
  from space 2048K, 99% used [0x98a00000,0x98bfe3a0,0x98c00000)
  to   space 2048K, 0% used [0x98800000,0x98800000,0x98a00000)
 ParOldGen       total 32768K, used 486K [0x77000000, 0x79000000, 0x97000000)
  object space 32768K, 1% used [0x77000000,0x77079890,0x79000000)
 Metaspace       used 7103K, capacity 7147K, committed 7192K, reserved 7472K
Event: 3.831 GC heap after
Heap after GC invocations=3 (full 0):
 PSYoungGen      total 26624K, used 2038K [0x97000000, 0x9a400000, 0xa7000000)
  eden space 24576K, 0% used [0x97000000,0x97000000,0x98800000)
  from space 2048K, 99% used [0x98800000,0x989fdb28,0x98a00000)
  to   space 2048K, 0% used [0x9a200000,0x9a200000,0x9a400000)
 ParOldGen       total 32768K, used 5902K [0x77000000, 0x79000000, 0x97000000)
  object space 32768K, 18% used [0x77000000,0x775c39c8,0x79000000)
 Metaspace       used 7103K, capacity 7147K, committed 7192K, reserved 7472K
}
Event: 4.529 GC heap before
{Heap before GC invocations=4 (full 0):
 PSYoungGen      total 26624K, used 26614K [0x97000000, 0x9a400000, 0xa7000000)
  eden space 24576K, 100% used [0x97000000,0x98800000,0x98800000)
  from space 2048K, 99% used [0x98800000,0x989fdb28,0x98a00000)
  to   space 2048K, 0% used [0x9a200000,0x9a200000,0x9a400000)
 ParOldGen       total 32768K, used 5902K [0x77000000, 0x79000000, 0x97000000)
  object space 32768K, 18% used [0x77000000,0x775c39c8,0x79000000)
 Metaspace       used 9933K, capacity 9963K, committed 10008K, reserved 10544K
Event: 4.550 GC heap after
Heap after GC invocations=4 (full 0):
 PSYoungGen      total 51200K, used 2038K [0x97000000, 0x9a400000, 0xa7000000)
  eden space 49152K, 0% used [0x97000000,0x97000000,0x9a000000)
  from space 2048K, 99% used [0x9a200000,0x9a3fdb68,0x9a400000)
  to   space 2048K, 0% used [0x9a000000,0x9a000000,0x9a200000)
 ParOldGen       total 32768K, used 10223K [0x77000000, 0x79000000, 0x97000000)
  object space 32768K, 31% used [0x77000000,0x779fbfb8,0x79000000)
 Metaspace       used 9933K, capacity 9963K, committed 10008K, reserved 10544K
}
Event: 6.442 GC heap before
{Heap before GC invocations=5 (full 0):
 PSYoungGen      total 51200K, used 51190K [0x97000000, 0x9a400000, 0xa7000000)
  eden space 49152K, 100% used [0x97000000,0x9a000000,0x9a000000)
  from space 2048K, 99% used [0x9a200000,0x9a3fdb68,0x9a400000)
  to   space 2048K, 0% used [0x9a000000,0x9a000000,0x9a200000)
 ParOldGen       total 32768K, used 10223K [0x77000000, 0x79000000, 0x97000000)
  object space 32768K, 31% used [0x77000000,0x779fbfb8,0x79000000)
 Metaspace       used 13556K, capacity 13621K, committed 13720K, reserved 14640K
Event: 6.491 GC heap after
Heap after GC invocations=5 (full 0):
 PSYoungGen      total 51200K, used 2046K [0x97000000, 0x9e300000, 0xa7000000)
  eden space 49152K, 0% used [0x97000000,0x97000000,0x9a000000)
  from space 2048K, 99% used [0x9a000000,0x9a1ffb88,0x9a200000)
  to   space 9728K, 0% used [0x9d980000,0x9d980000,0x9e300000)
 ParOldGen       total 32768K, used 15514K [0x77000000, 0x79000000, 0x97000000)
  object space 32768K, 47% used [0x77000000,0x77f269e0,0x79000000)
 Metaspace       used 13556K, capacity 13621K, committed 13720K, reserved 14640K
}
Event: 7.424 GC heap before
{Heap before GC invocations=6 (full 0):
 PSYoungGen      total 51200K, used 51198K [0x97000000, 0x9e300000, 0xa7000000)
  eden space 49152K, 100% used [0x97000000,0x9a000000,0x9a000000)
  from space 2048K, 99% used [0x9a000000,0x9a1ffb88,0x9a200000)
  to   space 9728K, 0% used [0x9d980000,0x9d980000,0x9e300000)
 ParOldGen       total 32768K, used 15514K [0x77000000, 0x79000000, 0x97000000)
  object space 32768K, 47% used [0x77000000,0x77f269e0,0x79000000)
 Metaspace       used 15020K, capacity 15190K, committed 15256K, reserved 15664K
Event: 7.531 GC heap after
Heap after GC invocations=6 (full 0):
 PSYoungGen      total 107008K, used 5417K [0x97000000, 0x9e200000, 0xa7000000)
  eden space 98304K, 0% used [0x97000000,0x97000000,0x9d000000)
  from space 8704K, 62% used [0x9d980000,0x9deca4d8,0x9e200000)
  to   space 9216K, 0% used [0x9d000000,0x9d000000,0x9d900000)
 ParOldGen       total 32768K, used 15518K [0x77000000, 0x79000000, 0x97000000)
  object space 32768K, 47% used [0x77000000,0x77f279e0,0x79000000)
 Metaspace       used 15020K, capacity 15190K, committed 15256K, reserved 15664K
}
Event: 14.442 GC heap before
{Heap before GC invocations=7 (full 0):
 PSYoungGen      total 107008K, used 39129K [0x97000000, 0x9e200000, 0xa7000000)
  eden space 98304K, 34% used [0x97000000,0x990ec078,0x9d000000)
  from space 8704K, 62% used [0x9d980000,0x9deca4d8,0x9e200000)
  to   space 9216K, 0% used [0x9d000000,0x9d000000,0x9d900000)
 ParOldGen       total 32768K, used 15518K [0x77000000, 0x79000000, 0x97000000)
  object space 32768K, 47% used [0x77000000,0x77f279e0,0x79000000)
 Metaspace       used 16208K, capacity 16384K, committed 16384K, reserved 16688K

