# JRE version: Java(TM) SE Runtime Environment (8.0_91-b14) (build 1.8.0_91-b14)
# Java VM: Java HotSpot(TM) Server VM (25.91-b14 mixed mode linux-x86 )
Heap:
 PSYoungGen      total 107520K, used 5196K [0x97000000, 0x9e200000, 0xa7000000)
  eden space 98304K, 0% used [0x97000000,0x97000000,0x9d000000)
  from space 9216K, 56% used [0x9d000000,0x9d5131f0,0x9d900000)
  to   space 8704K, 0% used [0x9d980000,0x9d980000,0x9e200000)
 ParOldGen       total 32768K, used 15985K [0x77000000, 0x79000000, 0x97000000)
  object space 32768K, 48% used [0x77000000,0x77f9c730,0x79000000)
 Metaspace       used 16192K, capacity 16378K, committed 16384K, reserved 16688K
GC Heap History (10 events):
Event: 1.093 GC heap after
Heap after GC invocations=2 (full 0):
 PSYoungGen      total 26624K, used 2032K [0x97000000, 0x98c00000, 0xa7000000)
  eden space 24576K, 0% used [0x97000000,0x97000000,0x98800000)
  from space 2048K, 99% used [0x98a00000,0x98bfc390,0x98c00000)
  to   space 2048K, 0% used [0x98800000,0x98800000,0x98a00000)
 ParOldGen       total 32768K, used 491K [0x77000000, 0x79000000, 0x97000000)
  object space 32768K, 1% used [0x77000000,0x7707af98,0x79000000)
 Metaspace       used 4872K, capacity 4901K, committed 5016K, reserved 5424K
}
Event: 1.716 GC heap before
{Heap before GC invocations=3 (full 0):
 PSYoungGen      total 26624K, used 26608K [0x97000000, 0x98c00000, 0xa7000000)
  eden space 24576K, 100% used [0x97000000,0x98800000,0x98800000)
  from space 2048K, 99% used [0x98a00000,0x98bfc390,0x98c00000)
  to   space 2048K, 0% used [0x98800000,0x98800000,0x98a00000)
 ParOldGen       total 32768K, used 491K [0x77000000, 0x79000000, 0x97000000)
  object space 32768K, 1% used [0x77000000,0x7707af98,0x79000000)
 Metaspace       used 7170K, capacity 7205K, committed 7320K, reserved 7472K
Event: 1.739 GC heap after
Heap after GC invocations=3 (full 0):
 PSYoungGen      total 26624K, used 2041K [0x97000000, 0x9a400000, 0xa7000000)
  eden space 24576K, 0% used [0x97000000,0x97000000,0x98800000)
  from space 2048K, 99% used [0x98800000,0x989fe4d0,0x98a00000)
  to   space 2048K, 0% used [0x9a200000,0x9a200000,0x9a400000)
 ParOldGen       total 32768K, used 6008K [0x77000000, 0x79000000, 0x97000000)
  object space 32768K, 18% used [0x77000000,0x775de3d0,0x79000000)
 Metaspace       used 7170K, capacity 7205K, committed 7320K, reserved 7472K
}
Event: 2.231 GC heap before
{Heap before GC invocations=4 (full 0):
 PSYoungGen      total 26624K, used 26617K [0x97000000, 0x9a400000, 0xa7000000)
  eden space 24576K, 100% used [0x97000000,0x98800000,0x98800000)
  from space 2048K, 99% used [0x98800000,0x989fe4d0,0x98a00000)
  to   space 2048K, 0% used [0x9a200000,0x9a200000,0x9a400000)
 ParOldGen       total 32768K, used 6008K [0x77000000, 0x79000000, 0x97000000)
  object space 32768K, 18% used [0x77000000,0x775de3d0,0x79000000)
 Metaspace       used 9846K, capacity 9893K, committed 10008K, reserved 10544K
Event: 2.281 GC heap after
Heap after GC invocations=4 (full 0):
 PSYoungGen      total 51200K, used 2044K [0x97000000, 0x9a400000, 0xa7000000)
  eden space 49152K, 0% used [0x97000000,0x97000000,0x9a000000)
  from space 2048K, 99% used [0x9a200000,0x9a3ff118,0x9a400000)
  to   space 2048K, 0% used [0x9a000000,0x9a000000,0x9a200000)
 ParOldGen       total 32768K, used 10073K [0x77000000, 0x79000000, 0x97000000)
  object space 32768K, 30% used [0x77000000,0x779d6510,0x79000000)
 Metaspace       used 9846K, capacity 9893K, committed 10008K, reserved 10544K
}
Event: 4.179 GC heap before
{Heap before GC invocations=5 (full 0):
 PSYoungGen      total 51200K, used 51196K [0x97000000, 0x9a400000, 0xa7000000)
  eden space 49152K, 100% used [0x97000000,0x9a000000,0x9a000000)
  from space 2048K, 99% used [0x9a200000,0x9a3ff118,0x9a400000)
  to   space 2048K, 0% used [0x9a000000,0x9a000000,0x9a200000)
 ParOldGen       total 32768K, used 10073K [0x77000000, 0x79000000, 0x97000000)
  object space 32768K, 30% used [0x77000000,0x779d6510,0x79000000)
 Metaspace       used 13372K, capacity 13423K, committed 13464K, reserved 13616K
Event: 4.192 GC heap after
Heap after GC invocations=5 (full 0):
 PSYoungGen      total 51200K, used 2036K [0x97000000, 0x9e300000, 0xa7000000)
  eden space 49152K, 0% used [0x97000000,0x97000000,0x9a000000)
  from space 2048K, 99% used [0x9a000000,0x9a1fd118,0x9a200000)
  to   space 9728K, 0% used [0x9d980000,0x9d980000,0x9e300000)
 ParOldGen       total 32768K, used 15506K [0x77000000, 0x79000000, 0x97000000)
  object space 32768K, 47% used [0x77000000,0x77f24890,0x79000000)
 Metaspace       used 13372K, capacity 13423K, committed 13464K, reserved 13616K
}
Event: 5.205 GC heap before
{Heap before GC invocations=6 (full 0):
 PSYoungGen      total 51200K, used 51188K [0x97000000, 0x9e300000, 0xa7000000)
  eden space 49152K, 100% used [0x97000000,0x9a000000,0x9a000000)
  from space 2048K, 99% used [0x9a000000,0x9a1fd118,0x9a200000)
  to   space 9728K, 0% used [0x9d980000,0x9d980000,0x9e300000)
 ParOldGen       total 32768K, used 15506K [0x77000000, 0x79000000, 0x97000000)
  object space 32768K, 47% used [0x77000000,0x77f24890,0x79000000)
 Metaspace       used 15034K, capacity 15216K, committed 15256K, reserved 15664K
Event: 5.290 GC heap after
Heap after GC invocations=6 (full 0):
 PSYoungGen      total 107008K, used 5282K [0x97000000, 0x9e200000, 0xa7000000)
  eden space 98304K, 0% used [0x97000000,0x97000000,0x9d000000)
  from space 8704K, 60% used [0x9d980000,0x9dea8a30,0x9e200000)
  to   space 9216K, 0% used [0x9d000000,0x9d000000,0x9d900000)
 ParOldGen       total 32768K, used 15510K [0x77000000, 0x79000000, 0x97000000)
  object space 32768K, 47% used [0x77000000,0x77f25890,0x79000000)
 Metaspace       used 15034K, capacity 15216K, committed 15256K, reserved 15664K
}
Event: 11.822 GC heap before
{Heap before GC invocations=7 (full 0):
 PSYoungGen      total 107008K, used 38302K [0x97000000, 0x9e200000, 0xa7000000)
  eden space 98304K, 33% used [0x97000000,0x9903ee18,0x9d000000)
  from space 8704K, 60% used [0x9d980000,0x9dea8a30,0x9e200000)
  to   space 9216K, 0% used [0x9d000000,0x9d000000,0x9d900000)
 ParOldGen       total 32768K, used 15510K [0x77000000, 0x79000000, 0x97000000)
  object space 32768K, 47% used [0x77000000,0x77f25890,0x79000000)
 Metaspace       used 16192K, capacity 16378K, committed 16384K, reserved 16688K

